	 Melih Değiş <melihdegis@gmail.com>:
	  insertions:    8 (0%)
	  deletions:     8 (0%)
	  files:         1 (0%)
	  commits:       1 (0%)
	  lines changed: 16
	  first commit:  Tue Jan 17 17:36:32 2017 +0300
	  last commit:   Tue Jan 17 17:36:32 2017 +0300

	 Phạm Ngọc Thắng <thangdc94@gmail.com>:
	  insertions:    2 (0%)
	  deletions:     1 (0%)
	  files:         1 (0%)
	  commits:       1 (0%)
	  lines changed: 3
	  first commit:  Wed Sep 19 10:17:16 2018 +0700
	  last commit:   Wed Sep 19 10:17:16 2018 +0700

	 Lukas Mestan <lukas.mestan@hyperia.sk>:
	  insertions:    88 (2%)
	  deletions:     51 (2%)
	  files:         7 (3%)
	  commits:       7 (3%)
	  lines changed: 139
	  first commit:  Mon Feb 6 08:57:05 2017 +0100
	  last commit:   Tue Sep 5 08:42:41 2017 +0200

	 Alef Farah <afarah@nelogica.com.br>:
	  insertions:    1 (0%)
	  deletions:     1 (0%)
	  files:         1 (0%)
	  commits:       1 (0%)
	  lines changed: 2
	  first commit:  Wed Jul 25 18:32:15 2018 -0300
	  last commit:   Wed Jul 25 18:32:15 2018 -0300

	 Kevin Kuehler <keur@ocf.berkeley.edu>:
	  insertions:    9 (0%)
	  deletions:     6 (0%)
	  files:         1 (0%)
	  commits:       1 (0%)
	  lines changed: 15
	  first commit:  Sun Aug 11 13:59:33 2019 -0700
	  last commit:   Sun Aug 11 13:59:33 2019 -0700

	 Lukas Mestan <lukas.mestan@gmail.com>:
	  insertions:    2129 (54%)
	  deletions:     1007 (43%)
	  files:         120 (56%)
	  commits:       135 (64%)
	  lines changed: 3136
	  first commit:  Sun Jan 15 18:11:22 2017 +0100
	  last commit:   Tue Feb 18 11:31:35 2020 +0100

	 motiprajapati <prajapati.moti@gmail.com>:
	  insertions:    1 (0%)
	  deletions:     1 (0%)
	  files:         1 (0%)
	  commits:       1 (0%)
	  lines changed: 2
	  first commit:  Fri Nov 30 13:26:17 2018 +0530
	  last commit:   Fri Nov 30 13:26:17 2018 +0530

	 Robert Beilich <robert@beilich.de>:
	  insertions:    3 (0%)
	  deletions:     3 (0%)
	  files:         1 (0%)
	  commits:       1 (0%)
	  lines changed: 6
	  first commit:  Tue Jul 17 09:36:12 2018 +0200
	  last commit:   Tue Jul 17 09:36:12 2018 +0200

	 Dan Kalowsky <dank@deadmime.org>:
	  insertions:    1 (0%)
	  deletions:     1 (0%)
	  files:         1 (0%)
	  commits:       1 (0%)
	  lines changed: 2
	  first commit:  Wed Aug 22 14:37:11 2018 -0700
	  last commit:   Wed Aug 22 14:37:11 2018 -0700

	 Jorge Maldonado Ventura <jorgesumle@freakspot.net>:
	  insertions:    3 (0%)
	  deletions:     3 (0%)
	  files:         1 (0%)
	  commits:       1 (0%)
	  lines changed: 6
	  first commit:  Wed Sep 18 11:18:50 2019 +0200
	  last commit:   Wed Sep 18 11:18:50 2019 +0200

	 Jess <jessachandler@gmail.com>:
	  insertions:    31 (1%)
	  deletions:     1 (0%)
	  files:         1 (0%)
	  commits:       1 (0%)
	  lines changed: 32
	  first commit:  Sat Mar 2 10:12:36 2019 -0800
	  last commit:   Sat Mar 2 10:12:36 2019 -0800

	 Ben Boeckel <mathstuf@gmail.com>:
	  insertions:    2 (0%)
	  deletions:     1 (0%)
	  files:         1 (0%)
	  commits:       1 (0%)
	  lines changed: 3
	  first commit:  Thu Sep 20 13:34:18 2018 -0400
	  last commit:   Thu Sep 20 13:34:18 2018 -0400

	 a7r3 <arvindultimate7352@gmail.com>:
	  insertions:    1 (0%)
	  deletions:     1 (0%)
	  files:         1 (0%)
	  commits:       1 (0%)
	  lines changed: 2
	  first commit:  Thu Oct 19 22:04:33 2017 +0530
	  last commit:   Thu Oct 19 22:04:33 2017 +0530

	 Joshua de Guzman <devjoshuadeguzman@gmail.com>:
	  insertions:    27 (1%)
	  deletions:     16 (1%)
	  files:         5 (2%)
	  commits:       4 (2%)
	  lines changed: 43
	  first commit:  Fri May 10 00:24:16 2019 +0800
	  last commit:   Fri May 10 23:59:12 2019 +0800

	 Linell <tlbonnette@gmail.com>:
	  insertions:    7 (0%)
	  deletions:     7 (0%)
	  files:         1 (0%)
	  commits:       1 (0%)
	  lines changed: 14
	  first commit:  Mon Jan 16 20:57:20 2017 -0600
	  last commit:   Mon Jan 16 20:57:20 2017 -0600

	 Jérémy WALTHER <jeremy.walther@golflima.net>:
	  insertions:    34 (1%)
	  deletions:     0 (0%)
	  files:         2 (1%)
	  commits:       1 (0%)
	  lines changed: 34
	  first commit:  Thu Dec 12 19:09:56 2019 +0100
	  last commit:   Thu Dec 12 19:09:56 2019 +0100

	 Matt Hickman <mhickman@squareup.com>:
	  insertions:    4 (0%)
	  deletions:     4 (0%)
	  files:         3 (1%)
	  commits:       1 (0%)
	  lines changed: 8
	  first commit:  Thu May 16 14:51:38 2019 -0700
	  last commit:   Thu May 16 14:51:38 2019 -0700

	 Tom Ice <tomice@users.noreply.github.com>:
	  insertions:    7 (0%)
	  deletions:     6 (0%)
	  files:         2 (1%)
	  commits:       6 (3%)
	  lines changed: 13
	  first commit:  Fri May 10 12:48:55 2019 -0400
	  last commit:   Sun May 26 10:27:58 2019 -0400

	 Raimon Grau <raimonster@gmail.com>:
	  insertions:    7 (0%)
	  deletions:     0 (0%)
	  files:         1 (0%)
	  commits:       1 (0%)
	  lines changed: 7
	  first commit:  Tue Jan 17 14:36:22 2017 +0100
	  last commit:   Tue Jan 17 14:36:22 2017 +0100

	 Nicholas Skinsacos <nskins@umich.edu>:
	  insertions:    25 (1%)
	  deletions:     22 (1%)
	  files:         1 (0%)
	  commits:       1 (0%)
	  lines changed: 47
	  first commit:  Thu Jan 19 00:34:53 2017 -0500
	  last commit:   Thu Jan 19 00:34:53 2017 -0500

	 mixn <sutanovac.milos@gmail.com>:
	  insertions:    9 (0%)
	  deletions:     9 (0%)
	  files:         1 (0%)
	  commits:       1 (0%)
	  lines changed: 18
	  first commit:  Thu Sep 27 13:56:19 2018 +0200
	  last commit:   Thu Sep 27 13:56:19 2018 +0200

	 Tom Ice <contact@thomasice.com>:
	  insertions:    1302 (33%)
	  deletions:     1025 (43%)
	  files:         33 (15%)
	  commits:       16 (8%)
	  lines changed: 2327
	  first commit:  Fri Dec 21 12:05:53 2018 -0500
	  last commit:   Tue Feb 11 08:25:44 2020 -0500

	 Chandra Prakash <chandra.pr.158@gmail.com>:
	  insertions:    22 (1%)
	  deletions:     8 (0%)
	  files:         1 (0%)
	  commits:       1 (0%)
	  lines changed: 30
	  first commit:  Sun Oct 13 02:16:54 2019 +0800
	  last commit:   Sun Oct 13 02:16:54 2019 +0800

	 Andrew Huss <git@ahuss.com>:
	  insertions:    3 (0%)
	  deletions:     0 (0%)
	  files:         1 (0%)
	  commits:       1 (0%)
	  lines changed: 3
	  first commit:  Sat Jan 28 15:53:55 2017 -0800
	  last commit:   Sat Jan 28 15:53:55 2017 -0800

	 Laurence <liuxy6@gmail.com>:
	  insertions:    3 (0%)
	  deletions:     3 (0%)
	  files:         1 (0%)
	  commits:       1 (0%)
	  lines changed: 6
	  first commit:  Mon Feb 18 19:58:26 2019 -0500
	  last commit:   Mon Feb 18 19:58:26 2019 -0500

	 Hugo Locurcio <hugo.locurcio@hugo.pro>:
	  insertions:    21 (1%)
	  deletions:     21 (1%)
	  files:         1 (0%)
	  commits:       1 (0%)
	  lines changed: 42
	  first commit:  Thu Apr 11 14:35:17 2019 +0200
	  last commit:   Thu Apr 11 14:35:17 2019 +0200

	 Daniel <danieltaub7@gmail.com>:
	  insertions:    3 (0%)
	  deletions:     2 (0%)
	  files:         2 (1%)
	  commits:       2 (1%)
	  lines changed: 5
	  first commit:  Mon Nov 5 20:40:13 2018 +0200
	  last commit:   Mon Nov 5 20:45:01 2018 +0200

	 Andrej <andrej@gmail.com>:
	  insertions:    8 (0%)
	  deletions:     16 (1%)
	  files:         2 (1%)
	  commits:       2 (1%)
	  lines changed: 24
	  first commit:  Fri Oct 25 10:41:05 2019 +0200
	  last commit:   Fri Oct 25 14:23:15 2019 +0200

	 Miodrag Tokić <dev@loonies.io>:
	  insertions:    15 (0%)
	  deletions:     18 (1%)
	  files:         7 (3%)
	  commits:       7 (3%)
	  lines changed: 33
	  first commit:  Sun Feb 3 17:44:18 2019 +0100
	  last commit:   Mon Feb 4 12:42:21 2019 +0100

	 jdeguzman <jdeguzman@freelancer.com>:
	  insertions:    143 (4%)
	  deletions:     110 (5%)
	  files:         6 (3%)
	  commits:       6 (3%)
	  lines changed: 253
	  first commit:  Thu May 9 19:41:47 2019 +0800
	  last commit:   Fri May 10 18:57:04 2019 +0800

	 Dustin Blomquist <dustin.blomquist@gmail.com>:
	  insertions:    1 (0%)
	  deletions:     1 (0%)
	  files:         1 (0%)
	  commits:       1 (0%)
	  lines changed: 2
	  first commit:  Sat Feb 18 01:08:10 2017 -0600
	  last commit:   Sat Feb 18 01:08:10 2017 -0600

	 Joopmicroop <Joopmicroop@gmail.com>:
	  insertions:    28 (1%)
	  deletions:     10 (0%)
	  files:         2 (1%)
	  commits:       1 (0%)
	  lines changed: 38
	  first commit:  Thu Jan 19 21:35:00 2017 +0100
	  last commit:   Thu Jan 19 21:35:00 2017 +0100

	 Joopmicroop <joopmicroop@gmail.com>:
	  insertions:    1 (0%)
	  deletions:     1 (0%)
	  files:         1 (0%)
	  commits:       1 (0%)
	  lines changed: 2
	  first commit:  Thu Jan 19 21:59:46 2017 +0100
	  last commit:   Thu Jan 19 21:59:46 2017 +0100

	 Brian Kroth <bpkroth@gmail.com>:
	  insertions:    23 (1%)
	  deletions:     4 (0%)
	  files:         1 (0%)
	  commits:       1 (0%)
	  lines changed: 27
	  first commit:  Fri Mar 17 10:53:25 2017 -0500
	  last commit:   Fri Mar 17 10:53:25 2017 -0500

	total:
	  insertions:    3972 (100%)
	  deletions:     2368 (100%)
	  files:         213 (100%)
	  commits:       210 (100%)

